#
# A fatal error has been detected by the Java Runtime Environment:
#
#  EXCEPTION_ACCESS_VIOLATION (0xc0000005) at pc=0x706dbd9b, pid=3272, tid=3912
#
# JRE version: 7.0_25-b17
# Java VM: Java HotSpot(TM) Client VM (23.25-b01 mixed mode, sharing windows-x86 )
# Problematic frame:
# C  [glass.dll+0xbd9b]  Java_com_sun_glass_ui_win_WinDnDClipboard_push+0x486b
#
# Failed to write core dump. Minidumps are not enabled by default on client versions of Windows
#
# If you would like to submit a bug report, please visit:
#   http://bugreport.sun.com/bugreport/crash.jsp
# The crash happened outside the Java Virtual Machine in native code.
# See problematic frame for where to report the bug.
#

---------------  T H R E A D  ---------------

Current thread (0x0189a000):  JavaThread "JavaFX Application Thread" [_thread_in_native, id=3912, stack(0x04780000,0x047d0000)]

siginfo: ExceptionCode=0xc0000005, reading address 0x05f4719c

Registers:
EAX=0x0000e740, EBX=0x00000064, ECX=0x05f38a58, EDX=0x00000083
ESP=0x047ce0cc, EBP=0x047ce1c8, ESI=0x05f4719c, EDI=0x00000000
EIP=0x706dbd9b, EFLAGS=0x00010246

Top of Stack: (sp=0x047ce0cc)
0x047ce0cc:   b5d61b2a 00000401 047ce460 047ce460
0x047ce0dc:   03d95128 06388601 00000007 00000000
0x047ce0ec:   00000001 ffffffff 00000005 0189a128
0x047ce0fc:   047cc141 00000000 00000001 ffffffff
0x047ce10c:   00000001 03dcb468 00000000 00000000
0x047ce11c:   018ba717 00000000 00000000 00000000
0x047ce12c:   00000000 00000000 00000000 00000001
0x047ce13c:   0686003c 00000000 381e1777 03dcb360 

Instructions: (pc=0x706dbd9b)
0x706dbd7b:   8b 4d e0 8b c3 69 c0 50 02 00 00 8d 74 08 04 eb
0x706dbd8b:   0f 8b 45 e0 8b d3 69 d2 4c 01 00 00 8d 74 02 04
0x706dbd9b:   f6 06 40 74 7e 8b 4e 40 8b 46 44 6a 0a 6a 40 8d
0x706dbdab:   55 00 52 51 50 ff 15 34 81 6e 70 83 c4 14 8d 45 


Register to memory mapping:

EAX=0x0000e740 is an unknown value
EBX=0x00000064 is an unknown value
ECX=0x05f38a58 is an unknown value
EDX=0x00000083 is an unknown value
ESP=0x047ce0cc is pointing into the stack for thread: 0x0189a000
EBP=0x047ce1c8 is pointing into the stack for thread: 0x0189a000
ESI=0x05f4719c is an unknown value
EDI=0x00000000 is an unknown value


Stack: [0x04780000,0x047d0000],  sp=0x047ce0cc,  free space=312k
Native frames: (J=compiled Java code, j=interpreted, Vv=VM code, C=native code)
C  [glass.dll+0xbd9b]  Java_com_sun_glass_ui_win_WinDnDClipboard_push+0x486b

Java frames: (J=compiled Java code, j=interpreted, Vv=VM code)
j  com.sun.glass.ui.win.WinSystemClipboard.popMimesFromSystem()[Ljava/lang/String;+0
j  com.sun.glass.ui.win.WinSystemClipboard.mimesFromSystem()[Ljava/lang/String;+10
j  com.sun.glass.ui.SystemClipboard.getMimeTypes()[Ljava/lang/String;+13
j  com.sun.glass.ui.ClipboardAssistance.getMimeTypes()[Ljava/lang/String;+4
j  com.sun.javafx.tk.quantum.QuantumClipboard.hasContent(Ljavafx/scene/input/DataFormat;)Z+55
j  javafx.scene.input.Clipboard.hasContent(Ljavafx/scene/input/DataFormat;)Z+11
j  javafx.scene.input.Clipboard.hasString()Z+4
j  com.sun.javafx.scene.control.skin.TextInputControlSkin.populateContextMenu(Ljavafx/scene/control/ContextMenu;)V+429
j  com.sun.javafx.scene.control.behavior.TextFieldBehavior.mouseReleased(Ljavafx/scene/input/MouseEvent;)V+319
j  com.sun.javafx.scene.control.skin.SkinBase$4.handle(Ljavafx/scene/input/MouseEvent;)V+83
j  com.sun.javafx.scene.control.skin.SkinBase$4.handle(Ljavafx/event/Event;)V+5
J  com.sun.javafx.event.CompositeEventHandler.dispatchBubblingEvent(Ljavafx/event/Event;)V
J  com.sun.javafx.event.EventHandlerManager.dispatchBubblingEvent(Ljavafx/event/Event;)Ljavafx/event/Event;
J  com.sun.javafx.event.CompositeEventDispatcher.dispatchBubblingEvent(Ljavafx/event/Event;)Ljavafx/event/Event;
J  com.sun.javafx.event.BasicEventDispatcher.dispatchEvent(Ljavafx/event/Event;Ljavafx/event/EventDispatchChain;)Ljavafx/event/Event;
J  com.sun.javafx.event.EventDispatchChainImpl.dispatchEvent(Ljavafx/event/Event;)Ljavafx/event/Event;
J  com.sun.javafx.event.BasicEventDispatcher.dispatchEvent(Ljavafx/event/Event;Ljavafx/event/EventDispatchChain;)Ljavafx/event/Event;
J  com.sun.javafx.event.EventDispatchChainImpl.dispatchEvent(Ljavafx/event/Event;)Ljavafx/event/Event;
J  com.sun.javafx.event.BasicEventDispatcher.dispatchEvent(Ljavafx/event/Event;Ljavafx/event/EventDispatchChain;)Ljavafx/event/Event;
J  com.sun.javafx.event.EventDispatchChainImpl.dispatchEvent(Ljavafx/event/Event;)Ljavafx/event/Event;
J  com.sun.javafx.event.BasicEventDispatcher.dispatchEvent(Ljavafx/event/Event;Ljavafx/event/EventDispatchChain;)Ljavafx/event/Event;
J  com.sun.javafx.event.EventDispatchChainImpl.dispatchEvent(Ljavafx/event/Event;)Ljavafx/event/Event;
J  com.sun.javafx.event.BasicEventDispatcher.dispatchEvent(Ljavafx/event/Event;Ljavafx/event/EventDispatchChain;)Ljavafx/event/Event;
J  com.sun.javafx.event.EventDispatchChainImpl.dispatchEvent(Ljavafx/event/Event;)Ljavafx/event/Event;
J  com.sun.javafx.event.BasicEventDispatcher.dispatchEvent(Ljavafx/event/Event;Ljavafx/event/EventDispatchChain;)Ljavafx/event/Event;
J  com.sun.javafx.event.EventDispatchChainImpl.dispatchEvent(Ljavafx/event/Event;)Ljavafx/event/Event;
J  com.sun.javafx.event.BasicEventDispatcher.dispatchEvent(Ljavafx/event/Event;Ljavafx/event/EventDispatchChain;)Ljavafx/event/Event;
J  com.sun.javafx.event.EventDispatchChainImpl.dispatchEvent(Ljavafx/event/Event;)Ljavafx/event/Event;
J  com.sun.javafx.event.BasicEventDispatcher.dispatchEvent(Ljavafx/event/Event;Ljavafx/event/EventDispatchChain;)Ljavafx/event/Event;
J  com.sun.javafx.event.EventDispatchChainImpl.dispatchEvent(Ljavafx/event/Event;)Ljavafx/event/Event;
J  com.sun.javafx.event.BasicEventDispatcher.dispatchEvent(Ljavafx/event/Event;Ljavafx/event/EventDispatchChain;)Ljavafx/event/Event;
J  com.sun.javafx.event.EventDispatchChainImpl.dispatchEvent(Ljavafx/event/Event;)Ljavafx/event/Event;
J  com.sun.javafx.event.EventUtil.fireEvent(Ljavafx/event/EventTarget;Ljavafx/event/Event;)Ljavafx/event/Event;
J  javafx.scene.Scene$MouseHandler.process(Ljavafx/scene/input/MouseEvent;Z)V
j  javafx.scene.Scene$MouseHandler.process(Ljavafx/scene/input/MouseEvent;)V+3
j  javafx.scene.Scene$MouseHandler.access$1900(Ljavafx/scene/Scene$MouseHandler;Ljavafx/scene/input/MouseEvent;)V+2
j  javafx.scene.Scene.impl_processMouseEvent(Ljavafx/scene/input/MouseEvent;)V+16
j  javafx.scene.Scene$ScenePeerListener.mouseEvent(Ljava/lang/Object;)V+11
j  com.sun.javafx.tk.quantum.GlassViewEventHandler$MouseEventNotification.run()Ljava/lang/Void;+329
j  com.sun.javafx.tk.quantum.GlassViewEventHandler$MouseEventNotification.run()Ljava/lang/Object;+1
v  ~StubRoutines::call_stub
J  java.security.AccessController.doPrivileged(Ljava/security/PrivilegedAction;Ljava/security/AccessControlContext;)Ljava/lang/Object;
j  com.sun.javafx.tk.quantum.GlassViewEventHandler.handleMouseEvent(Lcom/sun/glass/ui/View;JIIIIIIIIZZ)V+117
j  com.sun.glass.ui.View.handleMouseEvent(JIIIIIIIIZZ)V+38
j  com.sun.glass.ui.View.notifyMouse(IIIIIIIZZ)V+184
v  ~StubRoutines::call_stub
j  com.sun.glass.ui.win.WinApplication._runLoop([Ljava/lang/String;Lcom/sun/glass/ui/Launchable;)V+0
j  com.sun.glass.ui.win.WinApplication.access$100(Lcom/sun/glass/ui/win/WinApplication;[Ljava/lang/String;Lcom/sun/glass/ui/Launchable;)V+3
j  com.sun.glass.ui.win.WinApplication$3$1.run()V+32
j  java.lang.Thread.run()V+11
v  ~StubRoutines::call_stub

---------------  P R O C E S S  ---------------

Java Threads: ( => current thread )
  0x0189b400 JavaThread "SERIAL-READER" [_thread_blocked, id=8012, stack(0x08780000,0x087d0000)]
  0x0189b000 JavaThread "Prism Font Disposer" daemon [_thread_blocked, id=4160, stack(0x068e0000,0x06930000)]
  0x0189a800 JavaThread "Thread-2" daemon [_thread_in_native, id=6992, stack(0x060c0000,0x06110000)]
=>0x0189a000 JavaThread "JavaFX Application Thread" [_thread_in_native, id=3912, stack(0x04780000,0x047d0000)]
  0x01899c00 JavaThread "Disposer" daemon [_thread_blocked, id=3604, stack(0x04900000,0x04950000)]
  0x01899400 JavaThread "QuantumRenderer-0" daemon [_thread_blocked, id=4756, stack(0x03b40000,0x03b90000)]
  0x01899000 JavaThread "JavaFX-Launcher" [_thread_blocked, id=6328, stack(0x04620000,0x04670000)]
  0x01898800 JavaThread "Monitor Ctrl-Break" daemon [_thread_in_native, id=8148, stack(0x03bd0000,0x03c20000)]
  0x01898400 JavaThread "Service Thread" daemon [_thread_blocked, id=6148, stack(0x03c90000,0x03ce0000)]
  0x018a3000 JavaThread "C1 CompilerThread0" daemon [_thread_blocked, id=5872, stack(0x03d20000,0x03d70000)]
  0x01897c00 JavaThread "Attach Listener" daemon [_thread_blocked, id=7844, stack(0x03a60000,0x03ab0000)]
  0x01897400 JavaThread "Signal Dispatcher" daemon [_thread_blocked, id=592, stack(0x03c30000,0x03c80000)]
  0x01883400 JavaThread "Finalizer" daemon [_thread_blocked, id=6888, stack(0x03ad0000,0x03b20000)]
  0x0187e800 JavaThread "Reference Handler" daemon [_thread_blocked, id=6260, stack(0x039e0000,0x03a30000)]
  0x006abc00 JavaThread "main" [_thread_blocked, id=7652, stack(0x00590000,0x005e0000)]

Other Threads:
  0x0187d000 VMThread [stack: 0x038f0000,0x03940000] [id=6628]
  0x03d80c00 WatcherThread [stack: 0x03990000,0x039e0000] [id=5224]

VM state:not at safepoint (normal execution)

VM Mutex/Monitor currently owned by a thread: None

Heap
 def new generation   total 4928K, used 1738K [0x23750000, 0x23ca0000, 0x28ca0000)
  eden space 4416K,  38% used [0x23750000, 0x238f6708, 0x23ba0000)
  from space 512K,   9% used [0x23ba0000, 0x23bac368, 0x23c20000)
  to   space 512K,   0% used [0x23c20000, 0x23c20000, 0x23ca0000)
 tenured generation   total 10944K, used 5626K [0x28ca0000, 0x29750000, 0x33750000)
   the space 10944K,  51% used [0x28ca0000, 0x2921ead8, 0x2921ec00, 0x29750000)
 compacting perm gen  total 12288K, used 8148K [0x33750000, 0x34350000, 0x37750000)
   the space 12288K,  66% used [0x33750000, 0x33f450c8, 0x33f45200, 0x34350000)
    ro space 10240K,  45% used [0x37750000, 0x37bd9b28, 0x37bd9c00, 0x38150000)
    rw space 12288K,  54% used [0x38150000, 0x387dd0e8, 0x387dd200, 0x38d50000)

Card table byte_map: [0x012e0000,0x01390000] byte_map_base: 0x011c4580

Polling page: 0x00370000

Code Cache  [0x018b0000, 0x01c68000, 0x038b0000)
 total_blobs=2344 nmethods=1989 adapters=288 free_code_cache=28973Kb largest_free_block=29667776

Compilation events (10 events):
Event: 195.748 Thread 0x018a3000 1989             com.sun.javafx.tk.quantum.QuantumToolkit::requestNextPulse (9 bytes)
Event: 195.748 Thread 0x018a3000 nmethod 1989 0x01c643c8 code [0x01c644c0, 0x01c64550]
Event: 195.817 Thread 0x018a3000 1990             javafx.scene.Node::isFocused (19 bytes)
Event: 195.818 Thread 0x018a3000 nmethod 1990 0x01c645c8 code [0x01c646c0, 0x01c64770]
Event: 195.849 Thread 0x018a3000 1991             com.sun.prism.d3d.D3DSwapChain::getNativeDestHandle (8 bytes)
Event: 195.849 Thread 0x018a3000 nmethod 1991 0x01c647c8 code [0x01c648c0, 0x01c64950]
Event: 195.850 Thread 0x018a3000 1992             com.sun.prism.d3d.D3DSwapChain::getContentWidth (5 bytes)
Event: 195.850 Thread 0x018a3000 nmethod 1992 0x01c649c8 code [0x01c64ad0, 0x01c64b6c]
Event: 195.850 Thread 0x018a3000 1993             com.sun.prism.d3d.D3DSwapChain::getContentHeight (5 bytes)
Event: 195.850 Thread 0x018a3000 nmethod 1993 0x01c64c08 code [0x01c64d10, 0x01c64dac]

GC Heap History (10 events):
Event: 184.446 GC heap before
{Heap before GC invocations=69 (full 0):
 def new generation   total 4928K, used 4459K [0x23750000, 0x23ca0000, 0x28ca0000)
  eden space 4416K, 100% used [0x23750000, 0x23ba0000, 0x23ba0000)
  from space 512K,   8% used [0x23c20000, 0x23c2ada0, 0x23ca0000)
  to   space 512K,   0% used [0x23ba0000, 0x23ba0000, 0x23c20000)
 tenured generation   total 10944K, used 5626K [0x28ca0000, 0x29750000, 0x33750000)
   the space 10944K,  51% used [0x28ca0000, 0x2921ead8, 0x2921ec00, 0x29750000)
 compacting perm gen  total 12288K, used 8126K [0x33750000, 0x34350000, 0x37750000)
   the space 12288K,  66% used [0x33750000, 0x33f3fa90, 0x33f3fc00, 0x34350000)
    ro space 10240K,  45% used [0x37750000, 0x37bd9b28, 0x37bd9c00, 0x38150000)
    rw space 12288K,  54% used [0x38150000, 0x387dd0e8, 0x387dd200, 0x38d50000)
Event: 184.448 GC heap after
Heap after GC invocations=70 (full 0):
 def new generation   total 4928K, used 43K [0x23750000, 0x23ca0000, 0x28ca0000)
  eden space 4416K,   0% used [0x23750000, 0x23750000, 0x23ba0000)
  from space 512K,   8% used [0x23ba0000, 0x23baac90, 0x23c20000)
  to   space 512K,   0% used [0x23c20000, 0x23c20000, 0x23ca0000)
 tenured generation   total 10944K, used 5626K [0x28ca0000, 0x29750000, 0x33750000)
   the space 10944K,  51% used [0x28ca0000, 0x2921ead8, 0x2921ec00, 0x29750000)
 compacting perm gen  total 12288K, used 8126K [0x33750000, 0x34350000, 0x37750000)
   the space 12288K,  66% used [0x33750000, 0x33f3fa90, 0x33f3fc00, 0x34350000)
    ro space 10240K,  45% used [0x37750000, 0x37bd9b28, 0x37bd9c00, 0x38150000)
    rw space 12288K,  54% used [0x38150000, 0x387dd0e8, 0x387dd200, 0x38d50000)
}
Event: 187.072 GC heap before
{Heap before GC invocations=70 (full 0):
 def new generation   total 4928K, used 4459K [0x23750000, 0x23ca0000, 0x28ca0000)
  eden space 4416K, 100% used [0x23750000, 0x23ba0000, 0x23ba0000)
  from space 512K,   8% used [0x23ba0000, 0x23baac90, 0x23c20000)
  to   space 512K,   0% used [0x23c20000, 0x23c20000, 0x23ca0000)
 tenured generation   total 10944K, used 5626K [0x28ca0000, 0x29750000, 0x33750000)
   the space 10944K,  51% used [0x28ca0000, 0x2921ead8, 0x2921ec00, 0x29750000)
 compacting perm gen  total 12288K, used 8126K [0x33750000, 0x34350000, 0x37750000)
   the space 12288K,  66% used [0x33750000, 0x33f3faa0, 0x33f3fc00, 0x34350000)
    ro space 10240K,  45% used [0x37750000, 0x37bd9b28, 0x37bd9c00, 0x38150000)
    rw space 12288K,  54% used [0x38150000, 0x387dd0e8, 0x387dd200, 0x38d50000)
Event: 187.073 GC heap after
Heap after GC invocations=71 (full 0):
 def new generation   total 4928K, used 43K [0x23750000, 0x23ca0000, 0x28ca0000)
  eden space 4416K,   0% used [0x23750000, 0x23750000, 0x23ba0000)
  from space 512K,   8% used [0x23c20000, 0x23c2ad48, 0x23ca0000)
  to   space 512K,   0% used [0x23ba0000, 0x23ba0000, 0x23c20000)
 tenured generation   total 10944K, used 5626K [0x28ca0000, 0x29750000, 0x33750000)
   the space 10944K,  51% used [0x28ca0000, 0x2921ead8, 0x2921ec00, 0x29750000)
 compacting perm gen  total 12288K, used 8126K [0x33750000, 0x34350000, 0x37750000)
   the space 12288K,  66% used [0x33750000, 0x33f3faa0, 0x33f3fc00, 0x34350000)
    ro space 10240K,  45% used [0x37750000, 0x37bd9b28, 0x37bd9c00, 0x38150000)
    rw space 12288K,  54% used [0x38150000, 0x387dd0e8, 0x387dd200, 0x38d50000)
}
Event: 189.897 GC heap before
{Heap before GC invocations=71 (full 0):
 def new generation   total 4928K, used 4459K [0x23750000, 0x23ca0000, 0x28ca0000)
  eden space 4416K, 100% used [0x23750000, 0x23ba0000, 0x23ba0000)
  from space 512K,   8% used [0x23c20000, 0x23c2ad48, 0x23ca0000)
  to   space 512K,   0% used [0x23ba0000, 0x23ba0000, 0x23c20000)
 tenured generation   total 10944K, used 5626K [0x28ca0000, 0x29750000, 0x33750000)
   the space 10944K,  51% used [0x28ca0000, 0x2921ead8, 0x2921ec00, 0x29750000)
 compacting perm gen  total 12288K, used 8126K [0x33750000, 0x34350000, 0x37750000)
   the space 12288K,  66% used [0x33750000, 0x33f3fac0, 0x33f3fc00, 0x34350000)
    ro space 10240K,  45% used [0x37750000, 0x37bd9b28, 0x37bd9c00, 0x38150000)
    rw space 12288K,  54% used [0x38150000, 0x387dd0e8, 0x387dd200, 0x38d50000)
Event: 189.899 GC heap after
Heap after GC invocations=72 (full 0):
 def new generation   total 4928K, used 43K [0x23750000, 0x23ca0000, 0x28ca0000)
  eden space 4416K,   0% used [0x23750000, 0x23750000, 0x23ba0000)
  from space 512K,   8% used [0x23ba0000, 0x23baac60, 0x23c20000)
  to   space 512K,   0% used [0x23c20000, 0x23c20000, 0x23ca0000)
 tenured generation   total 10944K, used 5626K [0x28ca0000, 0x29750000, 0x33750000)
   the space 10944K,  51% used [0x28ca0000, 0x2921ead8, 0x2921ec00, 0x29750000)
 compacting perm gen  total 12288K, used 8126K [0x33750000, 0x34350000, 0x37750000)
   the space 12288K,  66% used [0x33750000, 0x33f3fac0, 0x33f3fc00, 0x34350000)
    ro space 10240K,  45% used [0x37750000, 0x37bd9b28, 0x37bd9c00, 0x38150000)
    rw space 12288K,  54% used [0x38150000, 0x387dd0e8, 0x387dd200, 0x38d50000)
}
Event: 192.721 GC heap before
{Heap before GC invocations=72 (full 0):
 def new generation   total 4928K, used 4459K [0x23750000, 0x23ca0000, 0x28ca0000)
  eden space 4416K, 100% used [0x23750000, 0x23ba0000, 0x23ba0000)
  from space 512K,   8% used [0x23ba0000, 0x23baac60, 0x23c20000)
  to   space 512K,   0% used [0x23c20000, 0x23c20000, 0x23ca0000)
 tenured generation   total 10944K, used 5626K [0x28ca0000, 0x29750000, 0x33750000)
   the space 10944K,  51% used [0x28ca0000, 0x2921ead8, 0x2921ec00, 0x29750000)
 compacting perm gen  total 12288K, used 8126K [0x33750000, 0x34350000, 0x37750000)
   the space 12288K,  66% used [0x33750000, 0x33f3fac0, 0x33f3fc00, 0x34350000)
    ro space 10240K,  45% used [0x37750000, 0x37bd9b28, 0x37bd9c00, 0x38150000)
    rw space 12288K,  54% used [0x38150000, 0x387dd0e8, 0x387dd200, 0x38d50000)
Event: 192.722 GC heap after
Heap after GC invocations=73 (full 0):
 def new generation   total 4928K, used 43K [0x23750000, 0x23ca0000, 0x28ca0000)
  eden space 4416K,   0% used [0x23750000, 0x23750000, 0x23ba0000)
  from space 512K,   8% used [0x23c20000, 0x23c2ac20, 0x23ca0000)
  to   space 512K,   0% used [0x23ba0000, 0x23ba0000, 0x23c20000)
 tenured generation   total 10944K, used 5626K [0x28ca0000, 0x29750000, 0x33750000)
   the space 10944K,  51% used [0x28ca0000, 0x2921ead8, 0x2921ec00, 0x29750000)
 compacting perm gen  total 12288K, used 8126K [0x33750000, 0x34350000, 0x37750000)
   the space 12288K,  66% used [0x33750000, 0x33f3fac0, 0x33f3fc00, 0x34350000)
    ro space 10240K,  45% used [0x37750000, 0x37bd9b28, 0x37bd9c00, 0x38150000)
    rw space 12288K,  54% used [0x38150000, 0x387dd0e8, 0x387dd200, 0x38d50000)
}
Event: 195.318 GC heap before
{Heap before GC invocations=73 (full 0):
 def new generation   total 4928K, used 4459K [0x23750000, 0x23ca0000, 0x28ca0000)
  eden space 4416K, 100% used [0x23750000, 0x23ba0000, 0x23ba0000)
  from space 512K,   8% used [0x23c20000, 0x23c2ac20, 0x23ca0000)
  to   space 512K,   0% used [0x23ba0000, 0x23ba0000, 0x23c20000)
 tenured generation   total 10944K, used 5626K [0x28ca0000, 0x29750000, 0x33750000)
   the space 10944K,  51% used [0x28ca0000, 0x2921ead8, 0x2921ec00, 0x29750000)
 compacting perm gen  total 12288K, used 8131K [0x33750000, 0x34350000, 0x37750000)
   the space 12288K,  66% used [0x33750000, 0x33f40de8, 0x33f40e00, 0x34350000)
    ro space 10240K,  45% used [0x37750000, 0x37bd9b28, 0x37bd9c00, 0x38150000)
    rw space 12288K,  54% used [0x38150000, 0x387dd0e8, 0x387dd200, 0x38d50000)
Event: 195.321 GC heap after
Heap after GC invocations=74 (full 0):
 def new generation   total 4928K, used 48K [0x23750000, 0x23ca0000, 0x28ca0000)
  eden space 4416K,   0% used [0x23750000, 0x23750000, 0x23ba0000)
  from space 512K,   9% used [0x23ba0000, 0x23bac368, 0x23c20000)
  to   space 512K,   0% used [0x23c20000, 0x23c20000, 0x23ca0000)
 tenured generation   total 10944K, used 5626K [0x28ca0000, 0x29750000, 0x33750000)
   the space 10944K,  51% used [0x28ca0000, 0x2921ead8, 0x2921ec00, 0x29750000)
 compacting perm gen  total 12288K, used 8131K [0x33750000, 0x34350000, 0x37750000)
   the space 12288K,  66% used [0x33750000, 0x33f40de8, 0x33f40e00, 0x34350000)
    ro space 10240K,  45% used [0x37750000, 0x37bd9b28, 0x37bd9c00, 0x38150000)
    rw space 12288K,  54% used [0x38150000, 0x387dd0e8, 0x387dd200, 0x38d50000)
}

Deoptimization events (0 events):
No events

Internal exceptions (10 events):
Event: 43.094 Thread 0x0189a000 Threw 0x238fb610 at C:\jdk7u2_32P\jdk7u25\hotspot\src\share\vm\prims\jvm.cpp:1235
Event: 43.095 Thread 0x0189a000 Threw 0x238fe8d8 at C:\jdk7u2_32P\jdk7u25\hotspot\src\share\vm\prims\jvm.cpp:1235
Event: 43.102 Thread 0x0189a000 Threw 0x23903978 at C:\jdk7u2_32P\jdk7u25\hotspot\src\share\vm\prims\jvm.cpp:1235
Event: 44.734 Thread 0x01899400 Threw 0x23b6b250 at C:\jdk7u2_32P\jdk7u25\hotspot\src\share\vm\prims\jvm.cpp:1235
Event: 180.630 Thread 0x0189a000 Threw 0x239d5de0 at C:\jdk7u2_32P\jdk7u25\hotspot\src\share\vm\prims\jvm.cpp:1235
Event: 180.630 Thread 0x0189a000 Threw 0x239d8d00 at C:\jdk7u2_32P\jdk7u25\hotspot\src\share\vm\prims\jvm.cpp:1235
Event: 195.310 Thread 0x0189a000 Threw 0x23b924a0 at C:\jdk7u2_32P\jdk7u25\hotspot\src\share\vm\prims\jvm.cpp:1235
Event: 195.310 Thread 0x0189a000 Threw 0x23b964f0 at C:\jdk7u2_32P\jdk7u25\hotspot\src\share\vm\prims\jvm.cpp:1235
Event: 195.998 Thread 0x0189a000 Threw 0x238e6c08 at C:\jdk7u2_32P\jdk7u25\hotspot\src\share\vm\prims\jvm.cpp:1235
Event: 196.008 Thread 0x0189a000 Threw 0x238efcf8 at C:\jdk7u2_32P\jdk7u25\hotspot\src\share\vm\prims\jvm.cpp:1235

Events (10 events):
Event: 195.321 Executing VM operation: RevokeBias
Event: 195.321 Executing VM operation: RevokeBias done
Event: 195.998 loading class 0x03e84d60
Event: 195.998 loading class 0x03e84d60 done
Event: 196.008 loading class 0x38e3ce70
Event: 196.008 loading class 0x38e3ce70 done
Event: 196.008 loading class 0x38e3e690
Event: 196.008 loading class 0x38e3e690 done
Event: 196.008 loading class 0x03f32c78
Event: 196.008 loading class 0x03f32c78 done


Dynamic libraries:
0x01390000 - 0x013bf000 	C:\Program Files\Java\jdk1.7.0_25\bin\java.exe
0x77640000 - 0x7777c000 	C:\Windows\SYSTEM32\ntdll.dll
0x75a50000 - 0x75b24000 	C:\Windows\system32\kernel32.dll
0x75960000 - 0x759ab000 	C:\Windows\system32\KERNELBASE.dll
0x76300000 - 0x763a0000 	C:\Windows\system32\ADVAPI32.dll
0x75d20000 - 0x75dcc000 	C:\Windows\system32\msvcrt.dll
0x75b30000 - 0x75b49000 	C:\Windows\SYSTEM32\sechost.dll
0x75c70000 - 0x75d12000 	C:\Windows\system32\RPCRT4.dll
0x75b50000 - 0x75c19000 	C:\Windows\system32\USER32.dll
0x75c20000 - 0x75c6e000 	C:\Windows\system32\GDI32.dll
0x773f0000 - 0x773fa000 	C:\Windows\system32\LPK.dll
0x772c0000 - 0x7735d000 	C:\Windows\system32\USP10.dll
0x74140000 - 0x742de000 	C:\Windows\WinSxS\x86_microsoft.windows.common-controls_6595b64144ccf1df_6.0.7601.17514_none_41e6975e2bd6f2b2\COMCTL32.dll
0x759f0000 - 0x75a47000 	C:\Windows\system32\SHLWAPI.dll
0x77850000 - 0x7786f000 	C:\Windows\system32\IMM32.DLL
0x76000000 - 0x760cc000 	C:\Windows\system32\MSCTF.dll
0x66820000 - 0x668de000 	C:\Program Files\Java\jdk1.7.0_25\jre\bin\msvcr100.dll
0x6e330000 - 0x6e672000 	C:\Program Files\Java\jdk1.7.0_25\jre\bin\client\jvm.dll
0x72f00000 - 0x72f07000 	C:\Windows\system32\WSOCK32.dll
0x77800000 - 0x77835000 	C:\Windows\system32\WS2_32.dll
0x760d0000 - 0x760d6000 	C:\Windows\system32\NSI.dll
0x6ff70000 - 0x6ffa2000 	C:\Windows\system32\WINMM.dll
0x77840000 - 0x77845000 	C:\Windows\system32\PSAPI.DLL
0x72fd0000 - 0x72fdc000 	C:\Program Files\Java\jdk1.7.0_25\jre\bin\verify.dll
0x70870000 - 0x70890000 	C:\Program Files\Java\jdk1.7.0_25\jre\bin\java.dll
0x71ae0000 - 0x71af3000 	C:\Program Files\Java\jdk1.7.0_25\jre\bin\zip.dll
0x10000000 - 0x10007000 	C:\Program Files\JetBrains\IntelliJ IDEA Community Edition 13.1.4\bin\breakgen.dll
0x70700000 - 0x70714000 	C:\Program Files\Java\jdk1.7.0_25\jre\bin\net.dll
0x74b20000 - 0x74ba1000 	C:\Program Files\Avira\AntiVir Desktop\avsda.dll
0x74b00000 - 0x74b1c000 	C:\Windows\system32\IPHLPAPI.DLL
0x74af0000 - 0x74af7000 	C:\Windows\system32\WINNSI.DLL
0x75070000 - 0x750ac000 	C:\Windows\system32\mswsock.dll
0x75060000 - 0x75066000 	C:\Windows\System32\wship6.dll
0x71c30000 - 0x71c3d000 	C:\Program Files\Java\jdk1.7.0_25\jre\bin\prism-d3d.dll
0x6fda0000 - 0x6ff63000 	C:\Windows\system32\d3d9.dll
0x74a40000 - 0x74a49000 	C:\Windows\system32\VERSION.dll
0x6ffb0000 - 0x6ffb6000 	C:\Windows\system32\d3d8thk.dll
0x71390000 - 0x713a3000 	C:\Windows\system32\dwmapi.dll
0x72f60000 - 0x72fa0000 	C:\Windows\system32\uxtheme.dll
0x6c290000 - 0x6c3a3000 	C:\Windows\system32\aticfx32.dll
0x0f950000 - 0x0f96b000 	C:\Windows\system32\atiu9pag.dll
0x0f1f0000 - 0x0f869000 	C:\Windows\system32\atiumdag.dll
0x519b0000 - 0x52034000 	C:\Windows\system32\atiumdva.dll
0x706d0000 - 0x706f7000 	C:\Program Files\Java\jdk1.7.0_25\jre\bin\glass.dll
0x77780000 - 0x777fb000 	C:\Windows\system32\COMDLG32.dll
0x76540000 - 0x7718a000 	C:\Windows\system32\SHELL32.dll
0x774e0000 - 0x7763c000 	C:\Windows\system32\ole32.dll
0x77360000 - 0x773ef000 	C:\Windows\system32\OLEAUT32.dll
0x550c0000 - 0x550de000 	C:\PROGRA~1\Raptr\ltc_help32-86352.dll
0x756f0000 - 0x7571e000 	C:\Windows\system32\WINTRUST.dll
0x75830000 - 0x75950000 	C:\Windows\system32\CRYPT32.dll
0x756a0000 - 0x756ac000 	C:\Windows\system32\MSASN1.dll
0x755c0000 - 0x755cc000 	C:\Windows\system32\CRYPTBASE.dll
0x70690000 - 0x706cd000 	C:\Program Files\Java\jdk1.7.0_25\jre\bin\javafx-font.dll
0x77450000 - 0x774d3000 	C:\Windows\system32\CLBCatQ.DLL
0x70540000 - 0x70670000 	C:\Windows\system32\WindowsCodecs.dll
0x75570000 - 0x755bc000 	C:\Windows\system32\apphelp.dll
0x6c3b0000 - 0x6c3d3000 	C:\Users\Quirino\AppData\Roaming\Dropbox\bin\DropboxExt.24.dll
0x73660000 - 0x7374b000 	C:\Windows\system32\dbghelp.dll
0x6c190000 - 0x6c21e000 	C:\Windows\WinSxS\x86_microsoft.vc90.crt_1fc8b3b9a1e18e3b_9.0.30729.6161_none_50934f2ebcb7eb57\MSVCP90.dll
0x6c0e0000 - 0x6c183000 	C:\Windows\WinSxS\x86_microsoft.vc90.crt_1fc8b3b9a1e18e3b_9.0.30729.6161_none_50934f2ebcb7eb57\MSVCR90.dll
0x6bc60000 - 0x6bc72000 	C:\Program Files\Common Files\TortoiseOverlays\TortoiseOverlays.dll
0x6ba60000 - 0x6ba74000 	C:\Program Files\TortoiseSVN\bin\TortoiseStub32.dll
0x6b9f0000 - 0x6ba60000 	C:\Program Files\TortoiseSVN\bin\TortoiseSVN32.dll
0x75e40000 - 0x75ffd000 	C:\Windows\system32\WININET.dll
0x75740000 - 0x75744000 	C:\Windows\system32\api-ms-win-downlevel-user32-l1-1-0.dll
0x757f0000 - 0x757f4000 	C:\Windows\system32\api-ms-win-downlevel-shlwapi-l1-1-0.dll
0x756e0000 - 0x756e4000 	C:\Windows\system32\api-ms-win-downlevel-version-l1-1-0.dll
0x75950000 - 0x75953000 	C:\Windows\system32\api-ms-win-downlevel-normaliz-l1-1-0.dll
0x75e30000 - 0x75e33000 	C:\Windows\system32\normaliz.DLL
0x760e0000 - 0x762fa000 	C:\Windows\system32\iertutil.dll
0x757e0000 - 0x757e5000 	C:\Windows\system32\api-ms-win-downlevel-advapi32-l1-1-0.dll
0x756c0000 - 0x756d7000 	C:\Windows\system32\USERENV.dll
0x756b0000 - 0x756bb000 	C:\Windows\system32\profapi.dll
0x6ab20000 - 0x6ae85000 	C:\Program Files\TortoiseSVN\bin\libsvn_tsvn32.dll
0x6aa60000 - 0x6aa87000 	C:\Program Files\TortoiseSVN\bin\libapr_tsvn32.dll
0x6a8d0000 - 0x6a9a6000 	C:\Windows\system32\MSVCR110.dll
0x6a7c0000 - 0x6a7f8000 	C:\Program Files\TortoiseSVN\bin\libaprutil_tsvn32.dll
0x77400000 - 0x77445000 	C:\Windows\system32\WLDAP32.dll
0x6a700000 - 0x6a70d000 	C:\Program Files\TortoiseSVN\bin\intl3_tsvn32.dll
0x6a6e0000 - 0x6a6f3000 	C:\Program Files\TortoiseSVN\bin\libsasl32.dll
0x753f0000 - 0x753f8000 	C:\Windows\system32\Secur32.dll
0x75530000 - 0x7554b000 	C:\Windows\system32\SSPICLI.DLL
0x6a5f0000 - 0x6a675000 	C:\Windows\system32\MSVCP110.dll
0x6ba90000 - 0x6bab1000 	C:\Program Files\Common Files\Microsoft Shared\Ink\rtscom.dll
0x03a40000 - 0x03a4a000 	C:\Program Files\Java\jdk1.7.0_25\bin\win32com.dll
0x707c0000 - 0x707cf000 	C:\Program Files\Java\jdk1.7.0_25\jre\bin\nio.dll

VM Arguments:
jvm_args: -Didea.launcher.port=7533 -Didea.launcher.bin.path=C:\Program Files\JetBrains\IntelliJ IDEA Community Edition 13.1.4\bin -Dfile.encoding=UTF-8 
java_command: com.intellij.rt.execution.application.AppMain com.application.MainScene
Launcher Type: SUN_STANDARD

Environment Variables:
PATH=C:\Program Files\Google\Chrome\Application;C:\Program Files\Common Files\Microsoft Shared\Windows Live;C:\Program Files\NVIDIA Corporation\PhysX\Common;C:\Windows\system32;C:\Windows;C:\Windows\System32\Wbem;C:\Windows\System32\WindowsPowerShell\v1.0\;C:\Program Files\ATI Technologies\ATI.ACE\Core-Static;C:\Program Files\MiKTeX 2.9\miktex\bin\;C:\Program Files\Common Files\Autodesk Shared\;C:\Program Files\Autodesk\Backburner\;C:\Program Files\Java\Java3D\1.5.1\bin\;C:\Program Files\SolidWorks Corp\SolidWorks\;C:\Program Files\Windows Live\Shared;C:\Program Files\Microsoft\Web Platform Installer\;C:\Program Files\Microsoft ASP.NET\ASP.NET Web Pages\v1.0\;C:\Program Files\Windows Kits\8.0\Windows Performance Toolkit\;C:\Program Files\Microsoft SQL Server\110\Tools\Binn\;C:\Program Files\TortoiseSVN\bin
USERNAME=Quirino
OS=Windows_NT
PROCESSOR_IDENTIFIER=x86 Family 6 Model 26 Stepping 5, GenuineIntel



---------------  S Y S T E M  ---------------

OS: Windows 7 Build 7601 Service Pack 1

CPU:total 8 (4 cores per cpu, 2 threads per core) family 6 model 26 stepping 5, cmov, cx8, fxsr, mmx, sse, sse2, sse3, ssse3, sse4.1, sse4.2, popcnt, ht, tsc, tscinvbit, tscinv

Memory: 4k page, physical 3136596k(936780k free), swap 6271440k(2152824k free)

vm_info: Java HotSpot(TM) Client VM (23.25-b01) for windows-x86 JRE (1.7.0_25-b17), built on Jun 21 2013 13:06:48 by "java_re" with unknown MS VC++:1600

time: Wed Sep 03 18:13:19 2014
elapsed time: 196 seconds

